<!DOCTYPE html PUBLIC "-//W3C//DTD XHTML 1.1//EN" "https://www.w3.org/TR/xhtml11/DTD/xhtml11.dtd">
<html xmlns="https://www.w3.org/1999/xhtml">
<head>
<meta http-equiv="content-type" content="text/html; charset=UTF-8"/>
<title>TestNG Report</title>
<style type="text/css">table {margin-bottom:10px;border-collapse:collapse;empty-cells:show}th,td {border:1px solid #009;padding:.25em .5em}th {vertical-align:bottom}td {vertical-align:top}table a {font-weight:bold}.stripe td {background-color: #E6EBF9}.num {text-align:right}.passedodd td {background-color: #3F3}.passedeven td {background-color: #0A0}.skippedodd td {background-color: #DDD}.skippedeven td {background-color: #CCC}.failedodd td,.attn {background-color: #F33}.failedeven td,.stripe .attn {background-color: #D00}.stacktrace {white-space:pre;font-family:monospace}.totop {font-size:85%;text-align:center;border-bottom:2px solid #000}.invisible {display:none}</style>
</head>
<body>
<table>
<tr><th>Test</th><th># Passed</th><th># Skipped</th><th># Retried</th><th># Failed</th><th>Time (ms)</th><th>Included Groups</th><th>Excluded Groups</th></tr>
<tr><th colspan="8">Suite</th></tr>
<tr><td><a href="#t0">Test</a></td><td class="num">6</td><td class="num">0</td><td class="num attn">4</td><td class="num">0</td><td class="num">248,333</td><td></td><td></td></tr>
</table>
<table id='summary'><thead><tr><th>Class</th><th>Method</th><th>Start</th><th>Time (ms)</th></tr></thead><tbody><tr><th colspan="4">Suite</th></tr></tbody><tbody id="t0"><tr><th colspan="4">Test &#8212; retried</th></tr><tr class="retriedeven"><td rowspan="1">testCases.AddContactTestClass</td><td><a href="#m0">addContactTest</a></td><td rowspan="1">1703514484232</td><td rowspan="1">3742</td></tr><tr class="retriedodd"><td rowspan="3">testCases.AddJobTestClass</td><td><a href="#m1">addJobTest</a></td><td rowspan="3">1703514512015</td><td rowspan="3">4282</td></tr><tr class="retriedodd"><td><a href="#m2">addJobTest</a></td></tr><tr class="retriedodd"><td><a href="#m3">addJobTest</a></td></tr><tr><th colspan="4">Test &#8212; passed</th></tr><tr class="passedeven"><td rowspan="1">testCases.AddCandidateCustomFieldTestClass</td><td><a href="#m4">addCandidateCustomFieldTest</a></td><td rowspan="1">1703514385116</td><td rowspan="1">76044</td></tr><tr class="passedodd"><td rowspan="1">testCases.AddCandidateTestClass</td><td><a href="#m5">addCandidateTest</a></td><td rowspan="1">1703514461548</td><td rowspan="1">22529</td></tr><tr class="passedeven"><td rowspan="1">testCases.AddCompanyTestClass</td><td><a href="#m6">addCompanyTest</a></td><td rowspan="1">1703514608733</td><td rowspan="1">24564</td></tr><tr class="passedodd"><td rowspan="1">testCases.AddContactTestClass</td><td><a href="#m7">addContactTest</a></td><td rowspan="1">1703514488093</td><td rowspan="1">23572</td></tr><tr class="passedeven"><td rowspan="1">testCases.AddJobTestClass</td><td><a href="#m8">addJobTest</a></td><td rowspan="1">1703514574561</td><td rowspan="1">28940</td></tr><tr class="passedodd"><td rowspan="1">testCases.LoginTestClass</td><td><a href="#m9">loginTest</a></td><td rowspan="1">1703514603678</td><td rowspan="1">4938</td></tr></tbody>
</table>
<h2>Test</h2><h3 id="m0">testCases.AddContactTestClass#addContactTest</h3><table class="result"><tr><th>Exception</th></tr><tr><td><div class="stacktrace">java.lang.AssertionError: stale element reference: stale element not found
  (Session info: chrome=120.0.6099.129)
For documentation on this error, please visit: https://www.selenium.dev/documentation/webdriver/troubleshooting/errors#stale-element-reference-exception
Build info: version: &apos;4.14.0&apos;, revision: &apos;e5a96349ce&apos;
System info: os.name: &apos;Windows 11&apos;, os.arch: &apos;amd64&apos;, os.version: &apos;10.0&apos;, java.version: &apos;17.0.9&apos;
Driver info: org.openqa.selenium.chrome.ChromeDriver
Command: [64a6a72cc8938429f5017ea73bfbbcac, isElementDisplayed {id=5073F83FB58A2363104AC7210CDB3748_element_8}]
Capabilities {acceptInsecureCerts: false, browserName: chrome, browserVersion: 120.0.6099.129, chrome: {chromedriverVersion: 120.0.6099.109 (3419140ab66..., userDataDir: C:\Users\surya\AppData\Loca...}, fedcm:accounts: true, goog:chromeOptions: {debuggerAddress: localhost:57022}, networkConnectionEnabled: false, pageLoadStrategy: normal, platformName: windows, proxy: Proxy(), se:cdp: ws://localhost:57022/devtoo..., se:cdpVersion: 120.0.6099.129, setWindowRect: true, strictFileInteractability: false, timeouts: {implicit: 0, pageLoad: 300000, script: 30000}, unhandledPromptBehavior: dismiss and notify, webauthn:extension:credBlob: true, webauthn:extension:largeBlob: true, webauthn:extension:minPinLength: true, webauthn:extension:prf: true, webauthn:virtualAuthenticators: true}
Element: [[ChromeDriver: chrome on windows (64a6a72cc8938429f5017ea73bfbbcac)] -&gt; css selector: #sTestEmail]
Session ID: 64a6a72cc8938429f5017ea73bfbbcac
	at baseClasses.ReportManager.reportFail(ReportManager.java:22)
	at baseClasses.ElementFunction.input(ElementFunction.java:18)
	at pageClasses.LoginPageClass.login(LoginPageClass.java:31)
	at testCases.AddContactTestClass.addContactTest(AddContactTestClass.java:35)
	at java.base/java.util.ArrayList.forEach(ArrayList.java:1511)
... Removed 32 stack frames</div></td></tr></table><p class="totop"><a href="#summary">back to summary</a></p>
<h3 id="m1">testCases.AddJobTestClass#addJobTest</h3><table class="result"><tr><th>Exception</th></tr><tr><td><div class="stacktrace">java.lang.AssertionError: element not interactable
  (Session info: chrome=120.0.6099.129)
Build info: version: &apos;4.14.0&apos;, revision: &apos;e5a96349ce&apos;
System info: os.name: &apos;Windows 11&apos;, os.arch: &apos;amd64&apos;, os.version: &apos;10.0&apos;, java.version: &apos;17.0.9&apos;
Driver info: org.openqa.selenium.chrome.ChromeDriver
Command: [bc832a640bc319405da8f90227a20467, sendKeysToElement {id=14B0D5FFE9194A94F0CCA668473029D4_element_8, value=[Ljava.lang.CharSequence;@78829412}]
Capabilities {acceptInsecureCerts: false, browserName: chrome, browserVersion: 120.0.6099.129, chrome: {chromedriverVersion: 120.0.6099.109 (3419140ab66..., userDataDir: C:\Users\surya\AppData\Loca...}, fedcm:accounts: true, goog:chromeOptions: {debuggerAddress: localhost:57128}, networkConnectionEnabled: false, pageLoadStrategy: normal, platformName: windows, proxy: Proxy(), se:cdp: ws://localhost:57128/devtoo..., se:cdpVersion: 120.0.6099.129, setWindowRect: true, strictFileInteractability: false, timeouts: {implicit: 0, pageLoad: 300000, script: 30000}, unhandledPromptBehavior: dismiss and notify, webauthn:extension:credBlob: true, webauthn:extension:largeBlob: true, webauthn:extension:minPinLength: true, webauthn:extension:prf: true, webauthn:virtualAuthenticators: true}
Element: [[ChromeDriver: chrome on windows (bc832a640bc319405da8f90227a20467)] -&gt; css selector: #sTestEmail]
Session ID: bc832a640bc319405da8f90227a20467
	at baseClasses.ReportManager.reportFail(ReportManager.java:22)
	at baseClasses.ElementFunction.input(ElementFunction.java:18)
	at pageClasses.LoginPageClass.login(LoginPageClass.java:31)
	at testCases.AddJobTestClass.addJobTest(AddJobTestClass.java:35)
	at java.base/java.util.ArrayList.forEach(ArrayList.java:1511)
... Removed 32 stack frames</div></td></tr></table><p class="totop"><a href="#summary">back to summary</a></p>
<h3 id="m2">testCases.AddJobTestClass#addJobTest</h3><table class="result"><tr><th>Exception</th></tr><tr><td><div class="stacktrace">java.lang.AssertionError: element click intercepted: Element &lt;button id=&quot;sTest-companyAddBtn&quot; class=&quot;button is-success is-loading&quot;&gt;...&lt;/button&gt; is not clickable at point (1472, 715). Other element would receive the click: &lt;div class=&quot;d-flex align-items-center justify-content-center&quot;&gt;...&lt;/div&gt;
  (Session info: chrome=120.0.6099.129)
Build info: version: &apos;4.14.0&apos;, revision: &apos;e5a96349ce&apos;
System info: os.name: &apos;Windows 11&apos;, os.arch: &apos;amd64&apos;, os.version: &apos;10.0&apos;, java.version: &apos;17.0.9&apos;
Driver info: org.openqa.selenium.chrome.ChromeDriver
Command: [7db327495d844b1b0e1384a978be9ddb, clickElement {id=64B17599D40C8B04DF3E27CEC7201D04_element_384}]
Capabilities {acceptInsecureCerts: false, browserName: chrome, browserVersion: 120.0.6099.129, chrome: {chromedriverVersion: 120.0.6099.109 (3419140ab66..., userDataDir: C:\Users\surya\AppData\Loca...}, fedcm:accounts: true, goog:chromeOptions: {debuggerAddress: localhost:57221}, networkConnectionEnabled: false, pageLoadStrategy: normal, platformName: windows, proxy: Proxy(), se:cdp: ws://localhost:57221/devtoo..., se:cdpVersion: 120.0.6099.129, setWindowRect: true, strictFileInteractability: false, timeouts: {implicit: 0, pageLoad: 300000, script: 30000}, unhandledPromptBehavior: dismiss and notify, webauthn:extension:credBlob: true, webauthn:extension:largeBlob: true, webauthn:extension:minPinLength: true, webauthn:extension:prf: true, webauthn:virtualAuthenticators: true}
Element: [[ChromeDriver: chrome on windows (7db327495d844b1b0e1384a978be9ddb)] -&gt; css selector: button#sTest-companyAddBtn]
Session ID: 7db327495d844b1b0e1384a978be9ddb
	at baseClasses.ReportManager.reportFail(ReportManager.java:22)
	at baseClasses.ElementFunction.click(ElementFunction.java:29)
	at pageClasses.AddJobPageClass.addJob(AddJobPageClass.java:62)
	at testCases.AddJobTestClass.addJobTest(AddJobTestClass.java:38)
	at java.base/java.util.ArrayList.forEach(ArrayList.java:1511)
... Removed 32 stack frames</div></td></tr></table><p class="totop"><a href="#summary">back to summary</a></p>
<h3 id="m3">testCases.AddJobTestClass#addJobTest</h3><table class="result"><tr><th>Exception</th></tr><tr><td><div class="stacktrace">java.lang.AssertionError: Expected condition failed: waiting for visibility of Proxy element for: DefaultElementLocator &apos;By.cssSelector: #sTest-addInAppBtn&apos; (tried for 30 second(s) with 500 milliseconds interval)
	at baseClasses.ReportManager.reportFail(ReportManager.java:22)
	at baseClasses.ElementFunction.click(ElementFunction.java:29)
	at pageClasses.TopNavBarClass.openAddJobPage(TopNavBarClass.java:68)
	at testCases.AddJobTestClass.addJobTest(AddJobTestClass.java:37)
	at java.base/java.util.ArrayList.forEach(ArrayList.java:1511)
... Removed 32 stack frames</div></td></tr></table><p class="totop"><a href="#summary">back to summary</a></p>
<h3 id="m4">testCases.AddCandidateCustomFieldTestClass#addCandidateCustomFieldTest</h3><table class="result"><tr><th class="invisible"/></tr></table><p class="totop"><a href="#summary">back to summary</a></p>
<h3 id="m5">testCases.AddCandidateTestClass#addCandidateTest</h3><table class="result"><tr><th class="invisible"/></tr></table><p class="totop"><a href="#summary">back to summary</a></p>
<h3 id="m6">testCases.AddCompanyTestClass#addCompanyTest</h3><table class="result"><tr><th class="invisible"/></tr></table><p class="totop"><a href="#summary">back to summary</a></p>
<h3 id="m7">testCases.AddContactTestClass#addContactTest</h3><table class="result"><tr><th class="invisible"/></tr></table><p class="totop"><a href="#summary">back to summary</a></p>
<h3 id="m8">testCases.AddJobTestClass#addJobTest</h3><table class="result"><tr><th class="invisible"/></tr></table><p class="totop"><a href="#summary">back to summary</a></p>
<h3 id="m9">testCases.LoginTestClass#loginTest</h3><table class="result"><tr><th class="invisible"/></tr></table><p class="totop"><a href="#summary">back to summary</a></p>
</body>
</html>
