<?xml version="1.0" encoding="UTF-8"?>
<!-- Generated by org.testng.reporters.JUnitReportReporter -->
<testsuite hostname="LIMBO" failures="1" tests="1" name="com.selenium.assignment.testing.LoginAndLogout" time="1.266" errors="0" timestamp="2023-10-28T13:14:32 IST" skipped="0">
  <testcase classname="com.selenium.assignment.testing.LoginAndLogout" name="logoutTest" time="1.266">
    <failure message="element click intercepted: Element &lt;div data-v-5b813768=&quot;&quot; id=&quot;sTest-dpLinkInAppBtn&quot; class=&quot;dropdown-trigger&quot; data-bs-toggle=&quot;dropdown&quot; aria-expanded=&quot;false&quot;&gt;...&lt;/div&gt; is not clickable at point (1490, 27). Other element would receive the click: &lt;p id=&quot;sTest-addCompanyModel&quot; class=&quot;modal-card-title&quot;&gt;...&lt;/p&gt;
  (Session info: chrome=118.0.5993.118)
Build info: version: &#039;4.14.0&#039;, revision: &#039;e5a96349ce&#039;
System info: os.name: &#039;Windows 11&#039;, os.arch: &#039;amd64&#039;, os.version: &#039;10.0&#039;, java.version: &#039;17.0.8.1&#039;
Driver info: org.openqa.selenium.chrome.ChromeDriver
Command: [709dc7c98271bee7644683fcee98816a, clickElement {id=CB17ED437E0E7389E735CD64DB479680_element_513}]
Capabilities {acceptInsecureCerts: false, browserName: chrome, browserVersion: 118.0.5993.118, chrome: {chromedriverVersion: 118.0.5993.70 (e52f33f30b91..., userDataDir: C:\Users\surya\AppData\Loca...}, fedcm:accounts: true, goog:chromeOptions: {debuggerAddress: localhost:55888}, networkConnectionEnabled: false, pageLoadStrategy: normal, platformName: windows, proxy: Proxy(), se:cdp: ws://localhost:55888/devtoo..., se:cdpVersion: 118.0.5993.118, setWindowRect: true, strictFileInteractability: false, timeouts: {implicit: 0, pageLoad: 300000, script: 30000}, unhandledPromptBehavior: dismiss and notify, webauthn:extension:credBlob: true, webauthn:extension:largeBlob: true, webauthn:extension:minPinLength: true, webauthn:extension:prf: true, webauthn:virtualAuthenticators: true}
Element: [[ChromeDriver: chrome on windows (709dc7c98271bee7644683fcee98816a)] -&gt; css selector: #sTest-dpLinkInAppBtn]
Session ID: 709dc7c98271bee7644683fcee98816a" type="java.lang.AssertionError">
      <![CDATA[java.lang.AssertionError: element click intercepted: Element <div data-v-5b813768="" id="sTest-dpLinkInAppBtn" class="dropdown-trigger" data-bs-toggle="dropdown" aria-expanded="false">...</div> is not clickable at point (1490, 27). Other element would receive the click: <p id="sTest-addCompanyModel" class="modal-card-title">...</p>
  (Session info: chrome=118.0.5993.118)
Build info: version: '4.14.0', revision: 'e5a96349ce'
System info: os.name: 'Windows 11', os.arch: 'amd64', os.version: '10.0', java.version: '17.0.8.1'
Driver info: org.openqa.selenium.chrome.ChromeDriver
Command: [709dc7c98271bee7644683fcee98816a, clickElement {id=CB17ED437E0E7389E735CD64DB479680_element_513}]
Capabilities {acceptInsecureCerts: false, browserName: chrome, browserVersion: 118.0.5993.118, chrome: {chromedriverVersion: 118.0.5993.70 (e52f33f30b91..., userDataDir: C:\Users\surya\AppData\Loca...}, fedcm:accounts: true, goog:chromeOptions: {debuggerAddress: localhost:55888}, networkConnectionEnabled: false, pageLoadStrategy: normal, platformName: windows, proxy: Proxy(), se:cdp: ws://localhost:55888/devtoo..., se:cdpVersion: 118.0.5993.118, setWindowRect: true, strictFileInteractability: false, timeouts: {implicit: 0, pageLoad: 300000, script: 30000}, unhandledPromptBehavior: dismiss and notify, webauthn:extension:credBlob: true, webauthn:extension:largeBlob: true, webauthn:extension:minPinLength: true, webauthn:extension:prf: true, webauthn:virtualAuthenticators: true}
Element: [[ChromeDriver: chrome on windows (709dc7c98271bee7644683fcee98816a)] -> css selector: #sTest-dpLinkInAppBtn]
Session ID: 709dc7c98271bee7644683fcee98816a
at org.testng.Assert.fail(Assert.java:99)
at com.selenium.assignment.base.BaseUi.reportFail(BaseUi.java:314)
at com.selenium.assignment.base.BaseUi.elementClick(BaseUi.java:108)
at com.selenium.assignment.testing.LoginAndLogout.logoutTest(LoginAndLogout.java:26)
at java.base/jdk.internal.reflect.NativeMethodAccessorImpl.invoke0(Native Method)
at java.base/jdk.internal.reflect.NativeMethodAccessorImpl.invoke(NativeMethodAccessorImpl.java:77)
at java.base/jdk.internal.reflect.DelegatingMethodAccessorImpl.invoke(DelegatingMethodAccessorImpl.java:43)
at java.base/java.lang.reflect.Method.invoke(Method.java:568)
at org.testng.internal.MethodInvocationHelper.invokeMethod(MethodInvocationHelper.java:133)
at org.testng.internal.MethodInvocationHelper.invokeMethodConsideringTimeout(MethodInvocationHelper.java:62)
at org.testng.internal.ConfigInvoker.invokeConfigurationMethod(ConfigInvoker.java:385)
at org.testng.internal.ConfigInvoker.invokeConfigurations(ConfigInvoker.java:321)
at org.testng.SuiteRunner.privateRun(SuiteRunner.java:344)
at org.testng.SuiteRunner.run(SuiteRunner.java:276)
at org.testng.SuiteRunnerWorker.runSuite(SuiteRunnerWorker.java:53)
at org.testng.SuiteRunnerWorker.run(SuiteRunnerWorker.java:96)
at org.testng.TestNG.runSuitesSequentially(TestNG.java:1212)
at org.testng.TestNG.runSuitesLocally(TestNG.java:1134)
at org.testng.TestNG.runSuites(TestNG.java:1063)
at org.testng.TestNG.run(TestNG.java:1031)
at org.testng.remote.AbstractRemoteTestNG.run(AbstractRemoteTestNG.java:115)
at org.testng.remote.RemoteTestNG.initAndRun(RemoteTestNG.java:251)
at org.testng.remote.RemoteTestNG.main(RemoteTestNG.java:77)
]]>
    </failure>
  </testcase> <!-- logoutTest -->
  <system-out/>
</testsuite> <!-- com.selenium.assignment.testing.LoginAndLogout -->
