<?xml version="1.0" encoding="UTF-8"?>
<!-- Generated by org.testng.reporters.JUnitReportReporter -->
<testsuite hostname="LIMBO" failures="1" tests="2" name="com.selenium.assignment.testing.AddCompany" time="17.384" errors="0" timestamp="2023-10-27T01:36:36 IST" skipped="0">
  <testcase classname="com.selenium.assignment.testing.AddCompany" name="loginTest" time="9.331"/>
  <system-out/>
  <testcase classname="com.selenium.assignment.testing.AddCompany" name="addCompanyTest" time="8.053">
    <failure message="element click intercepted: Element &lt;button data-v-56bb67c9=&quot;&quot; type=&quot;button&quot; class=&quot;button btn-med&quot;&gt;...&lt;/button&gt; is not clickable at point (1325, 172). Other element would receive the click: &lt;div class=&quot;loading-background&quot;&gt;&lt;/div&gt;
  (Session info: chrome=118.0.5993.90)
Build info: version: &#039;4.14.0&#039;, revision: &#039;e5a96349ce&#039;
System info: os.name: &#039;Windows 11&#039;, os.arch: &#039;amd64&#039;, os.version: &#039;10.0&#039;, java.version: &#039;17.0.8.1&#039;
Driver info: org.openqa.selenium.chrome.ChromeDriver
Command: [7b263931b9f54a5a51c8ac1e961bc942, clickElement {id=44D7DBBAD393901FC2365D93DEFD0E4B_element_68}]
Capabilities {acceptInsecureCerts: false, browserName: chrome, browserVersion: 118.0.5993.90, chrome: {chromedriverVersion: 118.0.5993.70 (e52f33f30b91..., userDataDir: C:\Users\surya\AppData\Loca...}, fedcm:accounts: true, goog:chromeOptions: {debuggerAddress: localhost:53108}, networkConnectionEnabled: false, pageLoadStrategy: normal, platformName: windows, proxy: Proxy(), se:cdp: ws://localhost:53108/devtoo..., se:cdpVersion: 118.0.5993.90, setWindowRect: true, strictFileInteractability: false, timeouts: {implicit: 0, pageLoad: 300000, script: 30000}, unhandledPromptBehavior: dismiss and notify, webauthn:extension:credBlob: true, webauthn:extension:largeBlob: true, webauthn:extension:minPinLength: true, webauthn:extension:prf: true, webauthn:virtualAuthenticators: true}
Element: [[ChromeDriver: chrome on windows (7b263931b9f54a5a51c8ac1e961bc942)] -&gt; css selector: #sTest-industryTxt div.dropdown-trigger &gt; button]
Session ID: 7b263931b9f54a5a51c8ac1e961bc942" type="java.lang.AssertionError">
      <![CDATA[java.lang.AssertionError: element click intercepted: Element <button data-v-56bb67c9="" type="button" class="button btn-med">...</button> is not clickable at point (1325, 172). Other element would receive the click: <div class="loading-background"></div>
  (Session info: chrome=118.0.5993.90)
Build info: version: '4.14.0', revision: 'e5a96349ce'
System info: os.name: 'Windows 11', os.arch: 'amd64', os.version: '10.0', java.version: '17.0.8.1'
Driver info: org.openqa.selenium.chrome.ChromeDriver
Command: [7b263931b9f54a5a51c8ac1e961bc942, clickElement {id=44D7DBBAD393901FC2365D93DEFD0E4B_element_68}]
Capabilities {acceptInsecureCerts: false, browserName: chrome, browserVersion: 118.0.5993.90, chrome: {chromedriverVersion: 118.0.5993.70 (e52f33f30b91..., userDataDir: C:\Users\surya\AppData\Loca...}, fedcm:accounts: true, goog:chromeOptions: {debuggerAddress: localhost:53108}, networkConnectionEnabled: false, pageLoadStrategy: normal, platformName: windows, proxy: Proxy(), se:cdp: ws://localhost:53108/devtoo..., se:cdpVersion: 118.0.5993.90, setWindowRect: true, strictFileInteractability: false, timeouts: {implicit: 0, pageLoad: 300000, script: 30000}, unhandledPromptBehavior: dismiss and notify, webauthn:extension:credBlob: true, webauthn:extension:largeBlob: true, webauthn:extension:minPinLength: true, webauthn:extension:prf: true, webauthn:virtualAuthenticators: true}
Element: [[ChromeDriver: chrome on windows (7b263931b9f54a5a51c8ac1e961bc942)] -> css selector: #sTest-industryTxt div.dropdown-trigger > button]
Session ID: 7b263931b9f54a5a51c8ac1e961bc942
at org.testng.Assert.fail(Assert.java:99)
at com.selenium.assignment.base.BaseUi.reportFail(BaseUi.java:293)
at com.selenium.assignment.base.BaseUi.elementClick(BaseUi.java:99)
at com.selenium.assignment.testing.AddCompany.addCompanyTest(AddCompany.java:29)
at java.base/jdk.internal.reflect.NativeMethodAccessorImpl.invoke0(Native Method)
at java.base/jdk.internal.reflect.NativeMethodAccessorImpl.invoke(NativeMethodAccessorImpl.java:77)
at java.base/jdk.internal.reflect.DelegatingMethodAccessorImpl.invoke(DelegatingMethodAccessorImpl.java:43)
at java.base/java.lang.reflect.Method.invoke(Method.java:568)
at org.testng.internal.MethodInvocationHelper.invokeMethod(MethodInvocationHelper.java:133)
at org.testng.internal.TestInvoker.invokeMethod(TestInvoker.java:598)
at org.testng.internal.TestInvoker.invokeTestMethod(TestInvoker.java:173)
at org.testng.internal.MethodRunner.runInSequence(MethodRunner.java:46)
at org.testng.internal.TestInvoker$MethodInvocationAgent.invoke(TestInvoker.java:824)
at org.testng.internal.TestInvoker.invokeTestMethods(TestInvoker.java:146)
at org.testng.internal.TestMethodWorker.invokeTestMethods(TestMethodWorker.java:146)
at org.testng.internal.TestMethodWorker.run(TestMethodWorker.java:128)
at java.base/java.util.concurrent.ThreadPoolExecutor.runWorker(ThreadPoolExecutor.java:1136)
at java.base/java.util.concurrent.ThreadPoolExecutor$Worker.run(ThreadPoolExecutor.java:635)
at java.base/java.lang.Thread.run(Thread.java:833)
]]>
    </failure>
  </testcase> <!-- addCompanyTest -->
  <system-out/>
</testsuite> <!-- com.selenium.assignment.testing.AddCompany -->
