<?xml version="1.0" encoding="UTF-8"?>
<!-- Generated by org.testng.reporters.JUnitReportReporter -->
<testsuite hostname="LIMBO" failures="2" tests="3" name="com.selenium.assignment.testing.AddCandidate" time="49.112" errors="0" timestamp="2023-10-27T01:36:36 IST" skipped="0">
  <testcase classname="com.selenium.assignment.testing.AddCandidate" name="loginTest" time="9.285"/>
  <system-out/>
  <testcase classname="com.selenium.assignment.testing.AddCandidate" name="addCandidate_Manual" time="38.668">
    <failure message="Expected condition failed: waiting for presence of element located by: By.cssSelector: div[role=&#039;alert&#039;].toast.is-success (tried for 30 second(s) with 500 milliseconds interval)" type="java.lang.AssertionError">
      <![CDATA[java.lang.AssertionError: Expected condition failed: waiting for presence of element located by: By.cssSelector: div[role='alert'].toast.is-success (tried for 30 second(s) with 500 milliseconds interval)
at org.testng.Assert.fail(Assert.java:99)
at com.selenium.assignment.base.BaseUi.reportFail(BaseUi.java:293)
at com.selenium.assignment.base.BaseUi.explicitWait(BaseUi.java:251)
at com.selenium.assignment.testing.AddCandidate.verifyCandidateAdded(AddCandidate.java:72)
at com.selenium.assignment.testing.AddCandidate.addCandidate_Manual(AddCandidate.java:35)
at java.base/jdk.internal.reflect.NativeMethodAccessorImpl.invoke0(Native Method)
at java.base/jdk.internal.reflect.NativeMethodAccessorImpl.invoke(NativeMethodAccessorImpl.java:77)
at java.base/jdk.internal.reflect.DelegatingMethodAccessorImpl.invoke(DelegatingMethodAccessorImpl.java:43)
at java.base/java.lang.reflect.Method.invoke(Method.java:568)
at org.testng.internal.MethodInvocationHelper.invokeMethod(MethodInvocationHelper.java:133)
at org.testng.internal.TestInvoker.invokeMethod(TestInvoker.java:598)
at org.testng.internal.TestInvoker.invokeTestMethod(TestInvoker.java:173)
at org.testng.internal.MethodRunner.runInSequence(MethodRunner.java:46)
at org.testng.internal.TestInvoker$MethodInvocationAgent.invoke(TestInvoker.java:824)
at org.testng.internal.TestInvoker.invokeTestMethods(TestInvoker.java:146)
at org.testng.internal.TestMethodWorker.invokeTestMethods(TestMethodWorker.java:146)
at org.testng.internal.TestMethodWorker.run(TestMethodWorker.java:128)
at java.base/java.util.concurrent.ThreadPoolExecutor.runWorker(ThreadPoolExecutor.java:1136)
at java.base/java.util.concurrent.ThreadPoolExecutor$Worker.run(ThreadPoolExecutor.java:635)
at java.base/java.lang.Thread.run(Thread.java:833)
]]>
    </failure>
  </testcase> <!-- addCandidate_Manual -->
  <system-out/>
  <testcase classname="com.selenium.assignment.testing.AddCandidate" name="addCandidateTest_Auto" time="1.159">
    <failure message="element click intercepted: Element &lt;a data-v-5b813768=&quot;&quot; id=&quot;sTest-addInAppBtn&quot; class=&quot;add_new&quot; data-bs-toggle=&quot;dropdown&quot; disabled=&quot;false&quot; aria-expanded=&quot;false&quot;&gt;...&lt;/a&gt; is not clickable at point (1232, 27). Other element would receive the click: &lt;p class=&quot;modal-card-title m-b-15 m-t-15&quot;&gt;...&lt;/p&gt;
  (Session info: chrome=118.0.5993.90)
Build info: version: &#039;4.14.0&#039;, revision: &#039;e5a96349ce&#039;
System info: os.name: &#039;Windows 11&#039;, os.arch: &#039;amd64&#039;, os.version: &#039;10.0&#039;, java.version: &#039;17.0.8.1&#039;
Driver info: org.openqa.selenium.chrome.ChromeDriver
Command: [e16fd7fb92db98d554ba1866f0c48ba6, clickElement {id=066F471AEDBE8D58E857C0FA70AF70EA_element_16}]
Capabilities {acceptInsecureCerts: false, browserName: chrome, browserVersion: 118.0.5993.90, chrome: {chromedriverVersion: 118.0.5993.70 (e52f33f30b91..., userDataDir: C:\Users\surya\AppData\Loca...}, fedcm:accounts: true, goog:chromeOptions: {debuggerAddress: localhost:53104}, networkConnectionEnabled: false, pageLoadStrategy: normal, platformName: windows, proxy: Proxy(), se:cdp: ws://localhost:53104/devtoo..., se:cdpVersion: 118.0.5993.90, setWindowRect: true, strictFileInteractability: false, timeouts: {implicit: 0, pageLoad: 300000, script: 30000}, unhandledPromptBehavior: dismiss and notify, webauthn:extension:credBlob: true, webauthn:extension:largeBlob: true, webauthn:extension:minPinLength: true, webauthn:extension:prf: true, webauthn:virtualAuthenticators: true}
Element: [[ChromeDriver: chrome on windows (e16fd7fb92db98d554ba1866f0c48ba6)] -&gt; css selector: #sTest-addInAppBtn]
Session ID: e16fd7fb92db98d554ba1866f0c48ba6" type="java.lang.AssertionError">
      <![CDATA[java.lang.AssertionError: element click intercepted: Element <a data-v-5b813768="" id="sTest-addInAppBtn" class="add_new" data-bs-toggle="dropdown" disabled="false" aria-expanded="false">...</a> is not clickable at point (1232, 27). Other element would receive the click: <p class="modal-card-title m-b-15 m-t-15">...</p>
  (Session info: chrome=118.0.5993.90)
Build info: version: '4.14.0', revision: 'e5a96349ce'
System info: os.name: 'Windows 11', os.arch: 'amd64', os.version: '10.0', java.version: '17.0.8.1'
Driver info: org.openqa.selenium.chrome.ChromeDriver
Command: [e16fd7fb92db98d554ba1866f0c48ba6, clickElement {id=066F471AEDBE8D58E857C0FA70AF70EA_element_16}]
Capabilities {acceptInsecureCerts: false, browserName: chrome, browserVersion: 118.0.5993.90, chrome: {chromedriverVersion: 118.0.5993.70 (e52f33f30b91..., userDataDir: C:\Users\surya\AppData\Loca...}, fedcm:accounts: true, goog:chromeOptions: {debuggerAddress: localhost:53104}, networkConnectionEnabled: false, pageLoadStrategy: normal, platformName: windows, proxy: Proxy(), se:cdp: ws://localhost:53104/devtoo..., se:cdpVersion: 118.0.5993.90, setWindowRect: true, strictFileInteractability: false, timeouts: {implicit: 0, pageLoad: 300000, script: 30000}, unhandledPromptBehavior: dismiss and notify, webauthn:extension:credBlob: true, webauthn:extension:largeBlob: true, webauthn:extension:minPinLength: true, webauthn:extension:prf: true, webauthn:virtualAuthenticators: true}
Element: [[ChromeDriver: chrome on windows (e16fd7fb92db98d554ba1866f0c48ba6)] -> css selector: #sTest-addInAppBtn]
Session ID: e16fd7fb92db98d554ba1866f0c48ba6
at org.testng.Assert.fail(Assert.java:99)
at com.selenium.assignment.base.BaseUi.reportFail(BaseUi.java:293)
at com.selenium.assignment.base.BaseUi.elementClick(BaseUi.java:99)
at com.selenium.assignment.testing.AddCandidate.addCandidateTest_Auto(AddCandidate.java:47)
at java.base/jdk.internal.reflect.NativeMethodAccessorImpl.invoke0(Native Method)
at java.base/jdk.internal.reflect.NativeMethodAccessorImpl.invoke(NativeMethodAccessorImpl.java:77)
at java.base/jdk.internal.reflect.DelegatingMethodAccessorImpl.invoke(DelegatingMethodAccessorImpl.java:43)
at java.base/java.lang.reflect.Method.invoke(Method.java:568)
at org.testng.internal.MethodInvocationHelper.invokeMethod(MethodInvocationHelper.java:133)
at org.testng.internal.TestInvoker.invokeMethod(TestInvoker.java:598)
at org.testng.internal.TestInvoker.invokeTestMethod(TestInvoker.java:173)
at org.testng.internal.MethodRunner.runInSequence(MethodRunner.java:46)
at org.testng.internal.TestInvoker$MethodInvocationAgent.invoke(TestInvoker.java:824)
at org.testng.internal.TestInvoker.invokeTestMethods(TestInvoker.java:146)
at org.testng.internal.TestMethodWorker.invokeTestMethods(TestMethodWorker.java:146)
at org.testng.internal.TestMethodWorker.run(TestMethodWorker.java:128)
at java.base/java.util.concurrent.ThreadPoolExecutor.runWorker(ThreadPoolExecutor.java:1136)
at java.base/java.util.concurrent.ThreadPoolExecutor$Worker.run(ThreadPoolExecutor.java:635)
at java.base/java.lang.Thread.run(Thread.java:833)
]]>
    </failure>
  </testcase> <!-- addCandidateTest_Auto -->
  <system-out/>
</testsuite> <!-- com.selenium.assignment.testing.AddCandidate -->
