<?xml version="1.0" encoding="UTF-8"?>
<!-- Generated by org.testng.reporters.JUnitReportReporter -->
<testsuite hostname="LIMBO" failures="1" tests="1" name="com.selenium.assignment.testing.LoginAndLogout" time="1.216" errors="0" timestamp="2023-12-07T16:37:02 IST" skipped="0">
  <testcase classname="com.selenium.assignment.testing.LoginAndLogout" name="logoutTest" time="1.216">
    <failure message="element click intercepted: Element &lt;div data-v-d5ed681b=&quot;&quot; id=&quot;sTest-dpLinkInAppBtn&quot; class=&quot;dropdown-trigger&quot; data-bs-toggle=&quot;dropdown&quot; aria-expanded=&quot;false&quot;&gt;...&lt;/div&gt; is not clickable at point (1490, 27). Other element would receive the click: &lt;p id=&quot;sTest-modelName&quot; class=&quot;modal-card-title&quot;&gt;...&lt;/p&gt;
  (Session info: chrome=119.0.6045.200)
Build info: version: &#039;4.14.0&#039;, revision: &#039;e5a96349ce&#039;
System info: os.name: &#039;Windows 11&#039;, os.arch: &#039;amd64&#039;, os.version: &#039;10.0&#039;, java.version: &#039;17.0.8.1&#039;
Driver info: org.openqa.selenium.chrome.ChromeDriver
Command: [f5993544a8734406711fd1f4d13a3e41, clickElement {id=CC6DEA610591618777E75B1855575DAA_element_549}]
Capabilities {acceptInsecureCerts: false, browserName: chrome, browserVersion: 119.0.6045.200, chrome: {chromedriverVersion: 119.0.6045.105 (38c72552c5e..., userDataDir: C:\Users\surya\AppData\Loca...}, fedcm:accounts: true, goog:chromeOptions: {debuggerAddress: localhost:50217}, networkConnectionEnabled: false, pageLoadStrategy: normal, platformName: windows, proxy: Proxy(), se:cdp: ws://localhost:50217/devtoo..., se:cdpVersion: 119.0.6045.200, setWindowRect: true, strictFileInteractability: false, timeouts: {implicit: 0, pageLoad: 300000, script: 30000}, unhandledPromptBehavior: dismiss and notify, webauthn:extension:credBlob: true, webauthn:extension:largeBlob: true, webauthn:extension:minPinLength: true, webauthn:extension:prf: true, webauthn:virtualAuthenticators: true}
Element: [[ChromeDriver: chrome on windows (f5993544a8734406711fd1f4d13a3e41)] -&gt; css selector: #sTest-dpLinkInAppBtn]
Session ID: f5993544a8734406711fd1f4d13a3e41" type="java.lang.AssertionError">
      <![CDATA[java.lang.AssertionError: element click intercepted: Element <div data-v-d5ed681b="" id="sTest-dpLinkInAppBtn" class="dropdown-trigger" data-bs-toggle="dropdown" aria-expanded="false">...</div> is not clickable at point (1490, 27). Other element would receive the click: <p id="sTest-modelName" class="modal-card-title">...</p>
  (Session info: chrome=119.0.6045.200)
Build info: version: '4.14.0', revision: 'e5a96349ce'
System info: os.name: 'Windows 11', os.arch: 'amd64', os.version: '10.0', java.version: '17.0.8.1'
Driver info: org.openqa.selenium.chrome.ChromeDriver
Command: [f5993544a8734406711fd1f4d13a3e41, clickElement {id=CC6DEA610591618777E75B1855575DAA_element_549}]
Capabilities {acceptInsecureCerts: false, browserName: chrome, browserVersion: 119.0.6045.200, chrome: {chromedriverVersion: 119.0.6045.105 (38c72552c5e..., userDataDir: C:\Users\surya\AppData\Loca...}, fedcm:accounts: true, goog:chromeOptions: {debuggerAddress: localhost:50217}, networkConnectionEnabled: false, pageLoadStrategy: normal, platformName: windows, proxy: Proxy(), se:cdp: ws://localhost:50217/devtoo..., se:cdpVersion: 119.0.6045.200, setWindowRect: true, strictFileInteractability: false, timeouts: {implicit: 0, pageLoad: 300000, script: 30000}, unhandledPromptBehavior: dismiss and notify, webauthn:extension:credBlob: true, webauthn:extension:largeBlob: true, webauthn:extension:minPinLength: true, webauthn:extension:prf: true, webauthn:virtualAuthenticators: true}
Element: [[ChromeDriver: chrome on windows (f5993544a8734406711fd1f4d13a3e41)] -> css selector: #sTest-dpLinkInAppBtn]
Session ID: f5993544a8734406711fd1f4d13a3e41
at org.testng.Assert.fail(Assert.java:111)
at com.selenium.assignment.base.BaseUi.reportFail(BaseUi.java:314)
at com.selenium.assignment.base.BaseUi.elementClick(BaseUi.java:108)
at com.selenium.assignment.testing.LoginAndLogout.logoutTest(LoginAndLogout.java:26)
at java.base/jdk.internal.reflect.NativeMethodAccessorImpl.invoke0(Native Method)
at java.base/jdk.internal.reflect.NativeMethodAccessorImpl.invoke(NativeMethodAccessorImpl.java:77)
at java.base/jdk.internal.reflect.DelegatingMethodAccessorImpl.invoke(DelegatingMethodAccessorImpl.java:43)
at java.base/java.lang.reflect.Method.invoke(Method.java:568)
at org.testng.internal.invokers.MethodInvocationHelper.invokeMethod(MethodInvocationHelper.java:139)
at org.testng.internal.invokers.MethodInvocationHelper.invokeMethodConsideringTimeout(MethodInvocationHelper.java:69)
at org.testng.internal.invokers.ConfigInvoker.invokeConfigurationMethod(ConfigInvoker.java:390)
at org.testng.internal.invokers.ConfigInvoker.invokeConfigurations(ConfigInvoker.java:325)
at org.testng.SuiteRunner.privateRun(SuiteRunner.java:410)
at org.testng.SuiteRunner.run(SuiteRunner.java:336)
at org.testng.SuiteRunnerWorker.runSuite(SuiteRunnerWorker.java:52)
at org.testng.SuiteRunnerWorker.run(SuiteRunnerWorker.java:95)
at org.testng.TestNG.runSuitesSequentially(TestNG.java:1280)
at org.testng.TestNG.runSuitesLocally(TestNG.java:1200)
at org.testng.TestNG.runSuites(TestNG.java:1114)
at org.testng.TestNG.run(TestNG.java:1082)
at org.apache.maven.surefire.testng.TestNGExecutor.run(TestNGExecutor.java:284)
at org.apache.maven.surefire.testng.TestNGXmlTestSuite.execute(TestNGXmlTestSuite.java:75)
at org.apache.maven.surefire.testng.TestNGProvider.invoke(TestNGProvider.java:119)
at org.apache.maven.surefire.booter.ForkedBooter.runSuitesInProcess(ForkedBooter.java:428)
at org.apache.maven.surefire.booter.ForkedBooter.execute(ForkedBooter.java:162)
at org.apache.maven.surefire.booter.ForkedBooter.run(ForkedBooter.java:562)
at org.apache.maven.surefire.booter.ForkedBooter.main(ForkedBooter.java:548)
]]>
    </failure>
  </testcase> <!-- logoutTest -->
</testsuite> <!-- com.selenium.assignment.testing.LoginAndLogout -->
